
> nextjs@0.1.0 dev
> next dev --turbopack

   ▲ Next.js 15.5.7 (Turbopack)
   - Local:        http://localhost:3000
   - Network:      http://192.168.0.2:3000

 ✓ Starting...
 ✓ Compiled middleware in 479ms
 ✓ Ready in 2s
 ⨯ Error: Your project's URL and Key are required to create a Supabase client!

Check your Supabase project's API settings to find these values

https://supabase.com/dashboard/project/_/settings/api
    at <unknown> (https://supabase.com/dashboard/project/_/settings/api)
    at <unknown> (https://supabase.com/dashboard/project/_/settings/api)
    at createServerClient (../src/createServerClient.ts:139:11)
    at updateSession (lib/supabase/middleware.ts:9:38)
    at middleware (middleware.ts:6:39)
   7 |   })
   8 |
>  9 |   const supabase = createServerClient(
     |                                      ^
  10 |     process.env.NEXT_PUBLIC_SUPABASE_URL!,
  11 |     process.env.NEXT_PUBLIC_SUPABASE_ANON_KEY!,
  12 |     {
 ○ Compiling /_error ...
 ✓ Compiled /_error in 2.2s
 GET /?auth_status=link_expired 404 in 7ms
 ○ Compiling /_not-found/page ...
 ✓ Compiled /_not-found/page in 7.4s
 ⨯ Error: @supabase/ssr: Your project's URL and API key are required to create a Supabase client!

Check your Supabase project's API settings to find these values

https://supabase.com/dashboard/project/_/settings/api
    at <unknown> (https://supabase.com/dashboard/project/_/settings/api)
    at createBrowserClient (../../src/createBrowserClient.ts:111:11)
    at createClient (lib/supabase/client.ts:4:29)
    at AuthProvider (contexts/auth-context.tsx:18:32)
  2 |
  3 | export function createClient() {
> 4 |   return createBrowserClient(
    |                             ^
  5 |     process.env.NEXT_PUBLIC_SUPABASE_URL!,
  6 |     process.env.NEXT_PUBLIC_SUPABASE_ANON_KEY!
  7 |   ) {
  digest: '4124233014'
}
